<!DOCTYPE html PUBLIC "-//W3C//DTD XHTML 1.1//EN" "https://www.w3.org/TR/xhtml11/DTD/xhtml11.dtd">
<html xmlns="https://www.w3.org/1999/xhtml">
<head>
<meta http-equiv="content-type" content="text/html; charset=UTF-8"/>
<title>TestNG Report</title>
<style type="text/css">table {margin-bottom:10px;border-collapse:collapse;empty-cells:show}th,td {border:1px solid #009;padding:.25em .5em}th {vertical-align:bottom}td {vertical-align:top}table a {font-weight:bold}.stripe td {background-color: #E6EBF9}.num {text-align:right}.passedodd td {background-color: #3F3}.passedeven td {background-color: #0A0}.skippedodd td {background-color: #DDD}.skippedeven td {background-color: #CCC}.failedodd td,.attn {background-color: #F33}.failedeven td,.stripe .attn {background-color: #D00}.stacktrace {white-space:pre;font-family:monospace}.totop {font-size:85%;text-align:center;border-bottom:2px solid #000}.invisible {display:none}</style>
</head>
<body>
<table>
<tr><th>Test</th><th># Passed</th><th># Skipped</th><th># Retried</th><th># Failed</th><th>Time (ms)</th><th>Included Groups</th><th>Excluded Groups</th></tr>
<tr><th colspan="8">Cross Browser Test Suite</th></tr>
<tr><td><a href="#t0">Chrome Browser Test</a></td><td class="num">30</td><td class="num">0</td><td class="num">0</td><td class="num attn">2</td><td class="num">380,528</td><td></td><td></td></tr>
<tr class="stripe"><td><a href="#t1">Edge Browser Test</a></td><td class="num">27</td><td class="num">0</td><td class="num">0</td><td class="num attn">5</td><td class="num">499,901</td><td></td><td></td></tr>
<tr><th>Total</th><th class="num">57</th><th class="num">0</th><th class="num">0</th><th class="num attn">7</th><th class="num">880,429</th><th colspan="2"></th></tr>
</table>
<table id='summary'><thead><tr><th>Class</th><th>Method</th><th>Start</th><th>Time (ms)</th></tr></thead><tbody><tr><th colspan="4">Cross Browser Test Suite</th></tr></tbody><tbody id="t0"><tr><th colspan="4">Chrome Browser Test &#8212; failed</th></tr><tr class="failedeven"><td rowspan="1">executeClass.ExecuteManageExpensePage</td><td><a href="#m0">verifyAdminCanSearchNewlyCreatedOne</a></td><td rowspan="1">1659670485270</td><td rowspan="1">4084</td></tr><tr class="failedodd"><td rowspan="1">executeClass.ExecuteManageUsersPage</td><td><a href="#m1">verifyTheAdminCanChangeTheStatusOfSoftWareTesterUser</a></td><td rowspan="1">1659670564344</td><td rowspan="1">9829</td></tr><tr><th colspan="4">Chrome Browser Test &#8212; passed</th></tr><tr class="passedeven"><td rowspan="3">executeClass.ExecuteDashBoardPage</td><td><a href="#m2">dashBoardIsVisibleAfterSuccessfulLogin</a></td><td rowspan="1">1659670289308</td><td rowspan="1">4045</td></tr><tr class="passedeven"><td><a href="#m3">isManagePageTileVisibleOrNot</a></td><td rowspan="1">1659670365961</td><td rowspan="1">1222</td></tr><tr class="passedeven"><td><a href="#m4">manageUsersMoreInfoArrowClicableOrNot</a></td><td rowspan="1">1659670470198</td><td rowspan="1">2688</td></tr><tr class="passedodd"><td rowspan="6">executeClass.ExecuteLoginPage</td><td><a href="#m5">isrememberMeCheckBoxSelectedOrNot</a></td><td rowspan="1">1659670373909</td><td rowspan="1">41</td></tr><tr class="passedodd"><td><a href="#m6">verifyLoginPageIsvisibleWhileLaunchingTheApplication</a></td><td rowspan="1">1659670326955</td><td rowspan="1">10</td></tr><tr class="passedodd"><td><a href="#m7">verifyUnsuccessfulLogin</a></td><td rowspan="3">1659670594170</td><td rowspan="3">614</td></tr><tr class="passedodd"><td><a href="#m8">verifyUnsuccessfulLogin</a></td></tr><tr class="passedodd"><td><a href="#m9">verifyUnsuccessfulLogin</a></td></tr><tr class="passedodd"><td><a href="#m10">verifysuccessfulLogin</a></td><td rowspan="1">1659670541854</td><td rowspan="1">1004</td></tr><tr class="passedeven"><td rowspan="4">executeClass.ExecuteManageExpensePage</td><td><a href="#m11">verifyAdminCanCreateANewExpenseCategory</a></td><td rowspan="1">1659670380210</td><td rowspan="1">4463</td></tr><tr class="passedeven"><td><a href="#m12">verifyAdminCanDeleteTheCreatedOne</a></td><td rowspan="1">1659670621180</td><td rowspan="1">3155</td></tr><tr class="passedeven"><td><a href="#m13">verifyAdminCanEditTheCreatedOnes</a></td><td rowspan="1">1659670552332</td><td rowspan="1">4636</td></tr><tr class="passedeven"><td><a href="#m14">verifyExpenseCategoryIsVisibleWhileClickingOnExpenseCategoryUnderManageExpense</a></td><td rowspan="1">1659670301456</td><td rowspan="1">2345</td></tr><tr class="passedodd"><td rowspan="2">executeClass.ExecuteManageOrderPage</td><td><a href="#m15">verifyTheAdminCanSearchAnOrderByUsingOrderId</a></td><td rowspan="1">1659670344797</td><td rowspan="1">4611</td></tr><tr class="passedodd"><td><a href="#m16">vrifyTheAdminCanViewTheOrderDetailsOfSearchOrder</a></td><td rowspan="1">1659670454976</td><td rowspan="1">7943</td></tr><tr class="passedeven"><td rowspan="6">executeClass.ExecuteManageProductPage</td><td><a href="#m17">verifyListOfProductPageIsDisplayedWhileClickingOnManageProduct</a></td><td rowspan="1">1659670310013</td><td rowspan="1">2674</td></tr><tr class="passedeven"><td><a href="#m18">verifyTheReSetButtonIsWorkingFineOrNot</a></td><td rowspan="1">1659670632279</td><td rowspan="1">5056</td></tr><tr class="passedeven"><td><a href="#m19">verifyTheUserCanDeleteTheCreatedProductOrNot</a></td><td rowspan="1">1659670581987</td><td rowspan="1">4810</td></tr><tr class="passedeven"><td><a href="#m20">verifyTheUserCanNavigateToTheLastPageByClickingOnLastButton</a></td><td rowspan="1">1659670646620</td><td rowspan="1">8797</td></tr><tr class="passedeven"><td><a href="#m21">verifyUserCanAddNewProductOrNot</a></td><td rowspan="1">1659670415845</td><td rowspan="1">15439</td></tr><tr class="passedeven"><td><a href="#m22">verifyUserCanSearchAProductByUsingProductCode</a></td><td rowspan="1">1659670518676</td><td rowspan="1">3526</td></tr><tr class="passedodd"><td rowspan="3">executeClass.ExecuteManageUsersPage</td><td><a href="#m23">verifyTheListUsersPageIsDispalyedWhileClickingOnManageUsers</a></td><td rowspan="1">1659670356448</td><td rowspan="1">2702</td></tr><tr class="passedodd"><td><a href="#m24">verifyTheUserCanSearchAUserByUsingEmailId</a></td><td rowspan="1">1659670508511</td><td rowspan="1">4379</td></tr><tr class="passedodd"><td><a href="#m25">verifyUsercnaSearchAUserByUsingName</a></td><td rowspan="1">1659670439732</td><td rowspan="1">3505</td></tr><tr class="passedeven"><td rowspan="3">executeClass.ExecuteVerifyUsersPage</td><td><a href="#m26">verifyListUsersPageIsDisplayedWhileClickingOnVerifyUsers</a></td><td rowspan="1">1659670319507</td><td rowspan="1">1894</td></tr><tr class="passedeven"><td><a href="#m27">verifyTheUserCanSearchAUserByUsingName</a></td><td rowspan="1">1659670403081</td><td rowspan="1">4204</td></tr><tr class="passedeven"><td><a href="#m28">verifyUserCanSearchAUserByUsingPhoneNumber</a></td><td rowspan="1">1659670529511</td><td rowspan="1">3849</td></tr><tr class="passedodd"><td rowspan="3">executeClass.executePushNotificationPage</td><td><a href="#m29">verifyPushNotificationPageIsDisplayedWhileClickingOnPushNotification</a></td><td rowspan="1">1659670333756</td><td rowspan="1">2282</td></tr><tr class="passedodd"><td><a href="#m30">verifyTheAdminCanSendANotificationSuccessfullyOrNot</a></td><td rowspan="1">1659670391746</td><td rowspan="1">3845</td></tr><tr class="passedodd"><td><a href="#m31">verifyTheResetButtonIsVisibleOrNot</a></td><td rowspan="1">1659670496257</td><td rowspan="1">1538</td></tr></tbody>
<tbody id="t1"><tr><th colspan="4">Edge Browser Test &#8212; failed</th></tr><tr class="failedeven"><td rowspan="4">executeClass.ExecuteManageExpensePage</td><td><a href="#m32">verifyAdminCanCreateANewExpenseCategory</a></td><td rowspan="1">1659670435979</td><td rowspan="1">8176</td></tr><tr class="failedeven"><td><a href="#m33">verifyAdminCanDeleteTheCreatedOne</a></td><td rowspan="1">1659670739952</td><td rowspan="1">7820</td></tr><tr class="failedeven"><td><a href="#m34">verifyAdminCanEditTheCreatedOnes</a></td><td rowspan="1">1659670670793</td><td rowspan="1">7519</td></tr><tr class="failedeven"><td><a href="#m35">verifyAdminCanSearchNewlyCreatedOne</a></td><td rowspan="1">1659670566944</td><td rowspan="1">3258</td></tr><tr class="failedodd"><td rowspan="1">executeClass.ExecuteManageUsersPage</td><td><a href="#m36">verifyTheAdminCanChangeTheStatusOfSoftWareTesterUser</a></td><td rowspan="1">1659670686414</td><td rowspan="1">7626</td></tr><tr><th colspan="4">Edge Browser Test &#8212; passed</th></tr><tr class="passedeven"><td rowspan="3">executeClass.ExecuteDashBoardPage</td><td><a href="#m37">dashBoardIsVisibleAfterSuccessfulLogin</a></td><td rowspan="1">1659670293458</td><td rowspan="1">1576</td></tr><tr class="passedeven"><td><a href="#m38">isManagePageTileVisibleOrNot</a></td><td rowspan="1">1659670410501</td><td rowspan="1">1615</td></tr><tr class="passedeven"><td><a href="#m39">manageUsersMoreInfoArrowClicableOrNot</a></td><td rowspan="1">1659670553047</td><td rowspan="1">2667</td></tr><tr class="passedodd"><td rowspan="6">executeClass.ExecuteLoginPage</td><td><a href="#m40">isrememberMeCheckBoxSelectedOrNot</a></td><td rowspan="1">1659670423260</td><td rowspan="1">213</td></tr><tr class="passedodd"><td><a href="#m41">verifyLoginPageIsvisibleWhileLaunchingTheApplication</a></td><td rowspan="1">1659670349576</td><td rowspan="1">11</td></tr><tr class="passedodd"><td><a href="#m42">verifyUnsuccessfulLogin</a></td><td rowspan="3">1659670723849</td><td rowspan="3">583</td></tr><tr class="passedodd"><td><a href="#m43">verifyUnsuccessfulLogin</a></td></tr><tr class="passedodd"><td><a href="#m44">verifyUnsuccessfulLogin</a></td></tr><tr class="passedodd"><td><a href="#m45">verifysuccessfulLogin</a></td><td rowspan="1">1659670660132</td><td rowspan="1">1164</td></tr><tr class="passedeven"><td rowspan="1">executeClass.ExecuteManageExpensePage</td><td><a href="#m46">verifyExpenseCategoryIsVisibleWhileClickingOnExpenseCategoryUnderManageExpense</a></td><td rowspan="1">1659670307987</td><td rowspan="1">2857</td></tr><tr class="passedodd"><td rowspan="2">executeClass.ExecuteManageOrderPage</td><td><a href="#m47">verifyTheAdminCanSearchAnOrderByUsingOrderId</a></td><td rowspan="1">1659670378743</td><td rowspan="1">5708</td></tr><tr class="passedodd"><td><a href="#m48">vrifyTheAdminCanViewTheOrderDetailsOfSearchOrder</a></td><td rowspan="1">1659670533560</td><td rowspan="1">5802</td></tr><tr class="passedeven"><td rowspan="6">executeClass.ExecuteManageProductPage</td><td><a href="#m49">verifyListOfProductPageIsDisplayedWhileClickingOnManageProduct</a></td><td rowspan="1">1659670321834</td><td rowspan="1">3678</td></tr><tr class="passedeven"><td><a href="#m50">verifyTheReSetButtonIsWorkingFineOrNot</a></td><td rowspan="1">1659670755720</td><td rowspan="1">4352</td></tr><tr class="passedeven"><td><a href="#m51">verifyTheUserCanDeleteTheCreatedProductOrNot</a></td><td rowspan="1">1659670702161</td><td rowspan="1">3710</td></tr><tr class="passedeven"><td><a href="#m52">verifyTheUserCanNavigateToTheLastPageByClickingOnLastButton</a></td><td rowspan="1">1659670769787</td><td rowspan="1">7627</td></tr><tr class="passedeven"><td><a href="#m53">verifyUserCanAddNewProductOrNot</a></td><td rowspan="1">1659670487719</td><td rowspan="1">14337</td></tr><tr class="passedeven"><td><a href="#m54">verifyUserCanSearchAProductByUsingProductCode</a></td><td rowspan="1">1659670615741</td><td rowspan="1">4099</td></tr><tr class="passedodd"><td rowspan="3">executeClass.ExecuteManageUsersPage</td><td><a href="#m55">verifyTheListUsersPageIsDispalyedWhileClickingOnManageUsers</a></td><td rowspan="1">1659670395987</td><td rowspan="1">3436</td></tr><tr class="passedodd"><td><a href="#m56">verifyTheUserCanSearchAUserByUsingEmailId</a></td><td rowspan="1">1659670598663</td><td rowspan="1">4235</td></tr><tr class="passedodd"><td><a href="#m57">verifyUsercnaSearchAUserByUsingName</a></td><td rowspan="1">1659670517208</td><td rowspan="1">4520</td></tr><tr class="passedeven"><td rowspan="3">executeClass.ExecuteVerifyUsersPage</td><td><a href="#m58">verifyListUsersPageIsDisplayedWhileClickingOnVerifyUsers</a></td><td rowspan="1">1659670335605</td><td rowspan="1">2553</td></tr><tr class="passedeven"><td><a href="#m59">verifyTheUserCanSearchAUserByUsingName</a></td><td rowspan="1">1659670474205</td><td rowspan="1">2793</td></tr><tr class="passedeven"><td><a href="#m60">verifyUserCanSearchAUserByUsingPhoneNumber</a></td><td rowspan="1">1659670647089</td><td rowspan="1">3446</td></tr><tr class="passedodd"><td rowspan="3">executeClass.executePushNotificationPage</td><td><a href="#m61">verifyPushNotificationPageIsDisplayedWhileClickingOnPushNotification</a></td><td rowspan="1">1659670359242</td><td rowspan="1">3060</td></tr><tr class="passedodd"><td><a href="#m62">verifyTheAdminCanSendANotificationSuccessfullyOrNot</a></td><td rowspan="1">1659670458122</td><td rowspan="1">4339</td></tr><tr class="passedodd"><td><a href="#m63">verifyTheResetButtonIsVisibleOrNot</a></td><td rowspan="1">1659670583168</td><td rowspan="1">2534</td></tr></tbody>
</table>
<h2>Chrome Browser Test</h2><h3 id="m0">executeClass.ExecuteManageExpensePage#verifyAdminCanSearchNewlyCreatedOne</h3><table class="result"><tr><th>Exception</th></tr><tr><td><div class="stacktrace">java.lang.AssertionError: expected [ Phone] but found [Phone]
	at executeClass.ExecuteManageExpensePage.verifyAdminCanSearchNewlyCreatedOne(ExecuteManageExpensePage.java:67)
	at java.base/java.util.ArrayList.forEach(ArrayList.java:1511)
	at java.base/java.util.concurrent.FutureTask.run(FutureTask.java:264)
	at java.base/java.util.concurrent.ThreadPoolExecutor.runWorker(ThreadPoolExecutor.java:1136)
	at java.base/java.util.concurrent.ThreadPoolExecutor$Worker.run(ThreadPoolExecutor.java:635)
	at java.base/java.lang.Thread.run(Thread.java:833)
... Removed 23 stack frames</div></td></tr></table><p class="totop"><a href="#summary">back to summary</a></p>
<h3 id="m1">executeClass.ExecuteManageUsersPage#verifyTheAdminCanChangeTheStatusOfSoftWareTesterUser</h3><table class="result"><tr><th>Exception</th></tr><tr><td><div class="stacktrace">org.openqa.selenium.NoSuchElementException: no such element: Unable to locate element: {&quot;method&quot;:&quot;xpath&quot;,&quot;selector&quot;:&quot;(//i[@class=&apos;fa fa-unlock&apos;])[8]&quot;}
  (Session info: chrome=104.0.5112.80)
For documentation on this error, please visit: https://selenium.dev/exceptions/#no_such_element
Build info: version: &apos;4.3.0&apos;, revision: &apos;a4995e2c09*&apos;
System info: host: &apos;DESKTOP-G8IH0JN&apos;, ip: &apos;192.168.1.8&apos;, os.name: &apos;Windows 10&apos;, os.arch: &apos;amd64&apos;, os.version: &apos;10.0&apos;, java.version: &apos;17.0.2&apos;
Driver info: org.openqa.selenium.chrome.ChromeDriver
Command: [dd99d0aad458db710205e3a7ac900b01, findElement {using=xpath, value=(//i[@class=&apos;fa fa-unlock&apos;])[8]}]
Capabilities {acceptInsecureCerts: false, browserName: chrome, browserVersion: 104.0.5112.80, chrome: {chromedriverVersion: 103.0.5060.134 (8ec6fce403b..., userDataDir: C:\Users\JITHIN~1\AppData\L...}, goog:chromeOptions: {debuggerAddress: localhost:53711}, networkConnectionEnabled: false, pageLoadStrategy: normal, platformName: WINDOWS, proxy: Proxy(), se:cdp: ws://localhost:53711/devtoo..., se:cdpVersion: 104.0.5112.80, setWindowRect: true, strictFileInteractability: false, timeouts: {implicit: 0, pageLoad: 300000, script: 30000}, unhandledPromptBehavior: dismiss and notify, webauthn:extension:credBlob: true, webauthn:extension:largeBlob: true, webauthn:virtualAuthenticators: true}
Session ID: dd99d0aad458db710205e3a7ac900b01
	at org.openqa.selenium.remote.codec.w3c.W3CHttpResponseCodec.createException(W3CHttpResponseCodec.java:200)
	at org.openqa.selenium.remote.codec.w3c.W3CHttpResponseCodec.decode(W3CHttpResponseCodec.java:133)
	at org.openqa.selenium.remote.codec.w3c.W3CHttpResponseCodec.decode(W3CHttpResponseCodec.java:53)
	at org.openqa.selenium.remote.HttpCommandExecutor.execute(HttpCommandExecutor.java:184)
	at org.openqa.selenium.remote.service.DriverCommandExecutor.invokeExecute(DriverCommandExecutor.java:167)
	at org.openqa.selenium.remote.service.DriverCommandExecutor.execute(DriverCommandExecutor.java:142)
	at org.openqa.selenium.remote.RemoteWebDriver.execute(RemoteWebDriver.java:569)
	at org.openqa.selenium.remote.ElementLocation$ElementFinder$2.findElement(ElementLocation.java:162)
	at org.openqa.selenium.remote.ElementLocation.findElement(ElementLocation.java:60)
	at org.openqa.selenium.remote.RemoteWebDriver.findElement(RemoteWebDriver.java:387)
	at org.openqa.selenium.remote.RemoteWebDriver.findElement(RemoteWebDriver.java:379)
	at org.openqa.selenium.support.pagefactory.DefaultElementLocator.findElement(DefaultElementLocator.java:70)
	at org.openqa.selenium.support.pagefactory.internal.LocatingElementHandler.invoke(LocatingElementHandler.java:39)
	at jdk.proxy2/jdk.proxy2.$Proxy17.getWrappedElement(Unknown Source)
	at org.openqa.selenium.remote.internal.WebElementToJsonConverter.apply(WebElementToJsonConverter.java:51)
	at java.base/java.util.stream.ReferencePipeline$3$1.accept(ReferencePipeline.java:197)
	at java.base/java.util.Spliterators$ArraySpliterator.forEachRemaining(Spliterators.java:992)
	at java.base/java.util.stream.AbstractPipeline.copyInto(AbstractPipeline.java:509)
	at java.base/java.util.stream.AbstractPipeline.wrapAndCopyInto(AbstractPipeline.java:499)
	at java.base/java.util.stream.ReduceOps$ReduceOp.evaluateSequential(ReduceOps.java:921)
	at java.base/java.util.stream.AbstractPipeline.evaluate(AbstractPipeline.java:234)
	at java.base/java.util.stream.ReferencePipeline.collect(ReferencePipeline.java:682)
	at org.openqa.selenium.remote.RemoteWebDriver.executeScript(RemoteWebDriver.java:500)
	at utility.GeneralUtilities.scrollToFindAnElement(GeneralUtilities.java:52)
	at elementRepository.ManageUsersPage.scrollInToSoftWareTesterStatus(ManageUsersPage.java:106)
	at executeClass.ExecuteManageUsersPage.verifyTheAdminCanChangeTheStatusOfSoftWareTesterUser(ExecuteManageUsersPage.java:82)
	at java.base/java.util.ArrayList.forEach(ArrayList.java:1511)
	at java.base/java.util.concurrent.FutureTask.run(FutureTask.java:264)
	at java.base/java.util.concurrent.ThreadPoolExecutor.runWorker(ThreadPoolExecutor.java:1136)
	at java.base/java.util.concurrent.ThreadPoolExecutor$Worker.run(ThreadPoolExecutor.java:635)
	at java.base/java.lang.Thread.run(Thread.java:833)
... Removed 22 stack frames</div></td></tr></table><p class="totop"><a href="#summary">back to summary</a></p>
<h3 id="m2">executeClass.ExecuteDashBoardPage#dashBoardIsVisibleAfterSuccessfulLogin</h3><table class="result"><tr><th class="invisible"/></tr></table><p class="totop"><a href="#summary">back to summary</a></p>
<h3 id="m3">executeClass.ExecuteDashBoardPage#isManagePageTileVisibleOrNot</h3><table class="result"><tr><th class="invisible"/></tr></table><p class="totop"><a href="#summary">back to summary</a></p>
<h3 id="m4">executeClass.ExecuteDashBoardPage#manageUsersMoreInfoArrowClicableOrNot</h3><table class="result"><tr><th class="invisible"/></tr></table><p class="totop"><a href="#summary">back to summary</a></p>
<h3 id="m5">executeClass.ExecuteLoginPage#isrememberMeCheckBoxSelectedOrNot</h3><table class="result"><tr><th class="invisible"/></tr></table><p class="totop"><a href="#summary">back to summary</a></p>
<h3 id="m6">executeClass.ExecuteLoginPage#verifyLoginPageIsvisibleWhileLaunchingTheApplication</h3><table class="result"><tr><th class="invisible"/></tr></table><p class="totop"><a href="#summary">back to summary</a></p>
<h3 id="m7">executeClass.ExecuteLoginPage#verifyUnsuccessfulLogin</h3><table class="result"><tr class="param"><th>Parameter #1</th><th>Parameter #2</th></tr><tr class="param stripe"><td>admin123</td><td>admin</td></tr></table><p class="totop"><a href="#summary">back to summary</a></p>
<h3 id="m8">executeClass.ExecuteLoginPage#verifyUnsuccessfulLogin</h3><table class="result"><tr class="param"><th>Parameter #1</th><th>Parameter #2</th></tr><tr class="param stripe"><td>adm155</td><td>afrt</td></tr></table><p class="totop"><a href="#summary">back to summary</a></p>
<h3 id="m9">executeClass.ExecuteLoginPage#verifyUnsuccessfulLogin</h3><table class="result"><tr class="param"><th>Parameter #1</th><th>Parameter #2</th></tr><tr class="param stripe"><td>admin</td><td>ad12</td></tr></table><p class="totop"><a href="#summary">back to summary</a></p>
<h3 id="m10">executeClass.ExecuteLoginPage#verifysuccessfulLogin</h3><table class="result"><tr class="param"><th>Parameter #1</th><th>Parameter #2</th></tr><tr class="param stripe"><td>admin</td><td>admin</td></tr></table><p class="totop"><a href="#summary">back to summary</a></p>
<h3 id="m11">executeClass.ExecuteManageExpensePage#verifyAdminCanCreateANewExpenseCategory</h3><table class="result"><tr><th class="invisible"/></tr></table><p class="totop"><a href="#summary">back to summary</a></p>
<h3 id="m12">executeClass.ExecuteManageExpensePage#verifyAdminCanDeleteTheCreatedOne</h3><table class="result"><tr><th class="invisible"/></tr></table><p class="totop"><a href="#summary">back to summary</a></p>
<h3 id="m13">executeClass.ExecuteManageExpensePage#verifyAdminCanEditTheCreatedOnes</h3><table class="result"><tr><th class="invisible"/></tr></table><p class="totop"><a href="#summary">back to summary</a></p>
<h3 id="m14">executeClass.ExecuteManageExpensePage#verifyExpenseCategoryIsVisibleWhileClickingOnExpenseCategoryUnderManageExpense</h3><table class="result"><tr><th class="invisible"/></tr></table><p class="totop"><a href="#summary">back to summary</a></p>
<h3 id="m15">executeClass.ExecuteManageOrderPage#verifyTheAdminCanSearchAnOrderByUsingOrderId</h3><table class="result"><tr><th class="invisible"/></tr></table><p class="totop"><a href="#summary">back to summary</a></p>
<h3 id="m16">executeClass.ExecuteManageOrderPage#vrifyTheAdminCanViewTheOrderDetailsOfSearchOrder</h3><table class="result"><tr><th class="invisible"/></tr></table><p class="totop"><a href="#summary">back to summary</a></p>
<h3 id="m17">executeClass.ExecuteManageProductPage#verifyListOfProductPageIsDisplayedWhileClickingOnManageProduct</h3><table class="result"><tr><th class="invisible"/></tr></table><p class="totop"><a href="#summary">back to summary</a></p>
<h3 id="m18">executeClass.ExecuteManageProductPage#verifyTheReSetButtonIsWorkingFineOrNot</h3><table class="result"><tr><th class="invisible"/></tr></table><p class="totop"><a href="#summary">back to summary</a></p>
<h3 id="m19">executeClass.ExecuteManageProductPage#verifyTheUserCanDeleteTheCreatedProductOrNot</h3><table class="result"><tr><th class="invisible"/></tr></table><p class="totop"><a href="#summary">back to summary</a></p>
<h3 id="m20">executeClass.ExecuteManageProductPage#verifyTheUserCanNavigateToTheLastPageByClickingOnLastButton</h3><table class="result"><tr><th class="invisible"/></tr></table><p class="totop"><a href="#summary">back to summary</a></p>
<h3 id="m21">executeClass.ExecuteManageProductPage#verifyUserCanAddNewProductOrNot</h3><table class="result"><tr><th class="invisible"/></tr></table><p class="totop"><a href="#summary">back to summary</a></p>
<h3 id="m22">executeClass.ExecuteManageProductPage#verifyUserCanSearchAProductByUsingProductCode</h3><table class="result"><tr><th class="invisible"/></tr></table><p class="totop"><a href="#summary">back to summary</a></p>
<h3 id="m23">executeClass.ExecuteManageUsersPage#verifyTheListUsersPageIsDispalyedWhileClickingOnManageUsers</h3><table class="result"><tr><th class="invisible"/></tr></table><p class="totop"><a href="#summary">back to summary</a></p>
<h3 id="m24">executeClass.ExecuteManageUsersPage#verifyTheUserCanSearchAUserByUsingEmailId</h3><table class="result"><tr><th class="invisible"/></tr></table><p class="totop"><a href="#summary">back to summary</a></p>
<h3 id="m25">executeClass.ExecuteManageUsersPage#verifyUsercnaSearchAUserByUsingName</h3><table class="result"><tr><th class="invisible"/></tr></table><p class="totop"><a href="#summary">back to summary</a></p>
<h3 id="m26">executeClass.ExecuteVerifyUsersPage#verifyListUsersPageIsDisplayedWhileClickingOnVerifyUsers</h3><table class="result"><tr><th class="invisible"/></tr></table><p class="totop"><a href="#summary">back to summary</a></p>
<h3 id="m27">executeClass.ExecuteVerifyUsersPage#verifyTheUserCanSearchAUserByUsingName</h3><table class="result"><tr><th class="invisible"/></tr></table><p class="totop"><a href="#summary">back to summary</a></p>
<h3 id="m28">executeClass.ExecuteVerifyUsersPage#verifyUserCanSearchAUserByUsingPhoneNumber</h3><table class="result"><tr><th class="invisible"/></tr></table><p class="totop"><a href="#summary">back to summary</a></p>
<h3 id="m29">executeClass.executePushNotificationPage#verifyPushNotificationPageIsDisplayedWhileClickingOnPushNotification</h3><table class="result"><tr><th class="invisible"/></tr></table><p class="totop"><a href="#summary">back to summary</a></p>
<h3 id="m30">executeClass.executePushNotificationPage#verifyTheAdminCanSendANotificationSuccessfullyOrNot</h3><table class="result"><tr><th class="invisible"/></tr></table><p class="totop"><a href="#summary">back to summary</a></p>
<h3 id="m31">executeClass.executePushNotificationPage#verifyTheResetButtonIsVisibleOrNot</h3><table class="result"><tr><th class="invisible"/></tr></table><p class="totop"><a href="#summary">back to summary</a></p>
<h2>Edge Browser Test</h2><h3 id="m32">executeClass.ExecuteManageExpensePage#verifyAdminCanCreateANewExpenseCategory</h3><table class="result"><tr><th>Exception</th></tr><tr><td><div class="stacktrace">org.openqa.selenium.NoSuchElementException: no such element: Unable to locate element: {&quot;method&quot;:&quot;xpath&quot;,&quot;selector&quot;:&quot;//div[@class=&apos;alert alert-success alert-dismissible&apos;]&quot;}
  (Session info: MicrosoftEdge=103.0.1264.77)
For documentation on this error, please visit: https://selenium.dev/exceptions/#no_such_element
Build info: version: &apos;4.3.0&apos;, revision: &apos;a4995e2c09*&apos;
System info: host: &apos;DESKTOP-G8IH0JN&apos;, ip: &apos;192.168.1.8&apos;, os.name: &apos;Windows 10&apos;, os.arch: &apos;amd64&apos;, os.version: &apos;10.0&apos;, java.version: &apos;17.0.2&apos;
Driver info: org.openqa.selenium.edge.EdgeDriver
Command: [2da8492c555b22ecb8f2a01d493c874e, findElement {using=xpath, value=//div[@class=&apos;alert alert-success alert-dismissible&apos;]}]
Capabilities {acceptInsecureCerts: false, browserName: msedge, browserVersion: 103.0.1264.77, ms:edgeOptions: {debuggerAddress: localhost:52747}, msedge: {msedgedriverVersion: 103.0.1264.71 (1f7a1d165042..., userDataDir: C:\Users\JITHIN~1\AppData\L...}, networkConnectionEnabled: false, pageLoadStrategy: normal, platformName: WINDOWS, proxy: Proxy(), se:cdp: ws://localhost:52747/devtoo..., se:cdpVersion: 103.0.1264.77, setWindowRect: true, strictFileInteractability: false, timeouts: {implicit: 0, pageLoad: 300000, script: 30000}, unhandledPromptBehavior: dismiss and notify, webauthn:extension:credBlob: true, webauthn:extension:largeBlob: true, webauthn:virtualAuthenticators: true}
Session ID: 2da8492c555b22ecb8f2a01d493c874e
	at org.openqa.selenium.remote.codec.w3c.W3CHttpResponseCodec.createException(W3CHttpResponseCodec.java:200)
	at org.openqa.selenium.remote.codec.w3c.W3CHttpResponseCodec.decode(W3CHttpResponseCodec.java:133)
	at org.openqa.selenium.remote.codec.w3c.W3CHttpResponseCodec.decode(W3CHttpResponseCodec.java:53)
	at org.openqa.selenium.remote.HttpCommandExecutor.execute(HttpCommandExecutor.java:184)
	at org.openqa.selenium.remote.service.DriverCommandExecutor.invokeExecute(DriverCommandExecutor.java:167)
	at org.openqa.selenium.remote.service.DriverCommandExecutor.execute(DriverCommandExecutor.java:142)
	at org.openqa.selenium.remote.RemoteWebDriver.execute(RemoteWebDriver.java:569)
	at org.openqa.selenium.remote.ElementLocation$ElementFinder$2.findElement(ElementLocation.java:162)
	at org.openqa.selenium.remote.ElementLocation.findElement(ElementLocation.java:60)
	at org.openqa.selenium.remote.RemoteWebDriver.findElement(RemoteWebDriver.java:387)
	at org.openqa.selenium.remote.RemoteWebDriver.findElement(RemoteWebDriver.java:379)
	at org.openqa.selenium.support.pagefactory.DefaultElementLocator.findElement(DefaultElementLocator.java:70)
	at org.openqa.selenium.support.pagefactory.internal.LocatingElementHandler.invoke(LocatingElementHandler.java:39)
	at jdk.proxy2/jdk.proxy2.$Proxy17.isDisplayed(Unknown Source)
	at utility.GeneralUtilities.isDisplayedMethod(GeneralUtilities.java:31)
	at elementRepository.ManageExpensePage.isAlerttextDisplayed(ManageExpensePage.java:106)
	at executeClass.ExecuteManageExpensePage.verifyAdminCanCreateANewExpenseCategory(ExecuteManageExpensePage.java:46)
	at java.base/java.util.ArrayList.forEach(ArrayList.java:1511)
	at java.base/java.util.concurrent.FutureTask.run(FutureTask.java:264)
	at java.base/java.util.concurrent.ThreadPoolExecutor.runWorker(ThreadPoolExecutor.java:1136)
	at java.base/java.util.concurrent.ThreadPoolExecutor$Worker.run(ThreadPoolExecutor.java:635)
	at java.base/java.lang.Thread.run(Thread.java:833)
... Removed 22 stack frames</div></td></tr></table><p class="totop"><a href="#summary">back to summary</a></p>
<h3 id="m33">executeClass.ExecuteManageExpensePage#verifyAdminCanDeleteTheCreatedOne</h3><table class="result"><tr><th>Exception</th></tr><tr><td><div class="stacktrace">org.openqa.selenium.NoSuchElementException: no such element: Unable to locate element: {&quot;method&quot;:&quot;xpath&quot;,&quot;selector&quot;:&quot;//a[@class=&apos;btn btn-sm btn btn-danger btncss&apos;]&quot;}
  (Session info: MicrosoftEdge=103.0.1264.77)
For documentation on this error, please visit: https://selenium.dev/exceptions/#no_such_element
Build info: version: &apos;4.3.0&apos;, revision: &apos;a4995e2c09*&apos;
System info: host: &apos;DESKTOP-G8IH0JN&apos;, ip: &apos;192.168.1.8&apos;, os.name: &apos;Windows 10&apos;, os.arch: &apos;amd64&apos;, os.version: &apos;10.0&apos;, java.version: &apos;17.0.2&apos;
Driver info: org.openqa.selenium.edge.EdgeDriver
Command: [34bb43011fa2ba7518517673639c34f2, findElement {using=xpath, value=//a[@class=&apos;btn btn-sm btn btn-danger btncss&apos;]}]
Capabilities {acceptInsecureCerts: false, browserName: msedge, browserVersion: 103.0.1264.77, ms:edgeOptions: {debuggerAddress: localhost:54972}, msedge: {msedgedriverVersion: 103.0.1264.71 (1f7a1d165042..., userDataDir: C:\Users\JITHIN~1\AppData\L...}, networkConnectionEnabled: false, pageLoadStrategy: normal, platformName: WINDOWS, proxy: Proxy(), se:cdp: ws://localhost:54972/devtoo..., se:cdpVersion: 103.0.1264.77, setWindowRect: true, strictFileInteractability: false, timeouts: {implicit: 0, pageLoad: 300000, script: 30000}, unhandledPromptBehavior: dismiss and notify, webauthn:extension:credBlob: true, webauthn:extension:largeBlob: true, webauthn:virtualAuthenticators: true}
Session ID: 34bb43011fa2ba7518517673639c34f2
	at org.openqa.selenium.remote.codec.w3c.W3CHttpResponseCodec.createException(W3CHttpResponseCodec.java:200)
	at org.openqa.selenium.remote.codec.w3c.W3CHttpResponseCodec.decode(W3CHttpResponseCodec.java:133)
	at org.openqa.selenium.remote.codec.w3c.W3CHttpResponseCodec.decode(W3CHttpResponseCodec.java:53)
	at org.openqa.selenium.remote.HttpCommandExecutor.execute(HttpCommandExecutor.java:184)
	at org.openqa.selenium.remote.service.DriverCommandExecutor.invokeExecute(DriverCommandExecutor.java:167)
	at org.openqa.selenium.remote.service.DriverCommandExecutor.execute(DriverCommandExecutor.java:142)
	at org.openqa.selenium.remote.RemoteWebDriver.execute(RemoteWebDriver.java:569)
	at org.openqa.selenium.remote.ElementLocation$ElementFinder$2.findElement(ElementLocation.java:162)
	at org.openqa.selenium.remote.ElementLocation.findElement(ElementLocation.java:60)
	at org.openqa.selenium.remote.RemoteWebDriver.findElement(RemoteWebDriver.java:387)
	at org.openqa.selenium.remote.RemoteWebDriver.findElement(RemoteWebDriver.java:379)
	at org.openqa.selenium.support.pagefactory.DefaultElementLocator.findElement(DefaultElementLocator.java:70)
	at org.openqa.selenium.support.pagefactory.internal.LocatingElementHandler.invoke(LocatingElementHandler.java:39)
	at jdk.proxy2/jdk.proxy2.$Proxy17.click(Unknown Source)
	at utility.GeneralUtilities.clickElement(GeneralUtilities.java:16)
	at elementRepository.ManageExpensePage.clickOnDeleteButton(ManageExpensePage.java:156)
	at executeClass.ExecuteManageExpensePage.verifyAdminCanDeleteTheCreatedOne(ExecuteManageExpensePage.java:106)
	at java.base/java.util.ArrayList.forEach(ArrayList.java:1511)
	at java.base/java.util.concurrent.FutureTask.run(FutureTask.java:264)
	at java.base/java.util.concurrent.ThreadPoolExecutor.runWorker(ThreadPoolExecutor.java:1136)
	at java.base/java.util.concurrent.ThreadPoolExecutor$Worker.run(ThreadPoolExecutor.java:635)
	at java.base/java.lang.Thread.run(Thread.java:833)
... Removed 22 stack frames</div></td></tr></table><p class="totop"><a href="#summary">back to summary</a></p>
<h3 id="m34">executeClass.ExecuteManageExpensePage#verifyAdminCanEditTheCreatedOnes</h3><table class="result"><tr><th>Exception</th></tr><tr><td><div class="stacktrace">org.openqa.selenium.NoSuchElementException: no such element: Unable to locate element: {&quot;method&quot;:&quot;xpath&quot;,&quot;selector&quot;:&quot;//a[@class=&apos;btn btn-sm btn btn-primary btncss&apos;]&quot;}
  (Session info: MicrosoftEdge=103.0.1264.77)
For documentation on this error, please visit: https://selenium.dev/exceptions/#no_such_element
Build info: version: &apos;4.3.0&apos;, revision: &apos;a4995e2c09*&apos;
System info: host: &apos;DESKTOP-G8IH0JN&apos;, ip: &apos;192.168.1.8&apos;, os.name: &apos;Windows 10&apos;, os.arch: &apos;amd64&apos;, os.version: &apos;10.0&apos;, java.version: &apos;17.0.2&apos;
Driver info: org.openqa.selenium.edge.EdgeDriver
Command: [433d0c00531bd7bff187b18923825749, findElement {using=xpath, value=//a[@class=&apos;btn btn-sm btn btn-primary btncss&apos;]}]
Capabilities {acceptInsecureCerts: false, browserName: msedge, browserVersion: 103.0.1264.77, ms:edgeOptions: {debuggerAddress: localhost:54529}, msedge: {msedgedriverVersion: 103.0.1264.71 (1f7a1d165042..., userDataDir: C:\Users\JITHIN~1\AppData\L...}, networkConnectionEnabled: false, pageLoadStrategy: normal, platformName: WINDOWS, proxy: Proxy(), se:cdp: ws://localhost:54529/devtoo..., se:cdpVersion: 103.0.1264.77, setWindowRect: true, strictFileInteractability: false, timeouts: {implicit: 0, pageLoad: 300000, script: 30000}, unhandledPromptBehavior: dismiss and notify, webauthn:extension:credBlob: true, webauthn:extension:largeBlob: true, webauthn:virtualAuthenticators: true}
Session ID: 433d0c00531bd7bff187b18923825749
	at org.openqa.selenium.remote.codec.w3c.W3CHttpResponseCodec.createException(W3CHttpResponseCodec.java:200)
	at org.openqa.selenium.remote.codec.w3c.W3CHttpResponseCodec.decode(W3CHttpResponseCodec.java:133)
	at org.openqa.selenium.remote.codec.w3c.W3CHttpResponseCodec.decode(W3CHttpResponseCodec.java:53)
	at org.openqa.selenium.remote.HttpCommandExecutor.execute(HttpCommandExecutor.java:184)
	at org.openqa.selenium.remote.service.DriverCommandExecutor.invokeExecute(DriverCommandExecutor.java:167)
	at org.openqa.selenium.remote.service.DriverCommandExecutor.execute(DriverCommandExecutor.java:142)
	at org.openqa.selenium.remote.RemoteWebDriver.execute(RemoteWebDriver.java:569)
	at org.openqa.selenium.remote.ElementLocation$ElementFinder$2.findElement(ElementLocation.java:162)
	at org.openqa.selenium.remote.ElementLocation.findElement(ElementLocation.java:60)
	at org.openqa.selenium.remote.RemoteWebDriver.findElement(RemoteWebDriver.java:387)
	at org.openqa.selenium.remote.RemoteWebDriver.findElement(RemoteWebDriver.java:379)
	at org.openqa.selenium.support.pagefactory.DefaultElementLocator.findElement(DefaultElementLocator.java:70)
	at org.openqa.selenium.support.pagefactory.internal.LocatingElementHandler.invoke(LocatingElementHandler.java:39)
	at jdk.proxy2/jdk.proxy2.$Proxy17.click(Unknown Source)
	at utility.GeneralUtilities.clickElement(GeneralUtilities.java:16)
	at elementRepository.ManageExpensePage.ClickOnEditIcon(ManageExpensePage.java:131)
	at executeClass.ExecuteManageExpensePage.verifyAdminCanEditTheCreatedOnes(ExecuteManageExpensePage.java:84)
	at java.base/java.util.ArrayList.forEach(ArrayList.java:1511)
	at java.base/java.util.concurrent.FutureTask.run(FutureTask.java:264)
	at java.base/java.util.concurrent.ThreadPoolExecutor.runWorker(ThreadPoolExecutor.java:1136)
	at java.base/java.util.concurrent.ThreadPoolExecutor$Worker.run(ThreadPoolExecutor.java:635)
	at java.base/java.lang.Thread.run(Thread.java:833)
... Removed 22 stack frames</div></td></tr></table><p class="totop"><a href="#summary">back to summary</a></p>
<h3 id="m35">executeClass.ExecuteManageExpensePage#verifyAdminCanSearchNewlyCreatedOne</h3><table class="result"><tr><th>Exception</th></tr><tr><td><div class="stacktrace">java.lang.AssertionError: expected [ Phone] but found [Mobile Phone]
	at executeClass.ExecuteManageExpensePage.verifyAdminCanSearchNewlyCreatedOne(ExecuteManageExpensePage.java:67)
	at java.base/java.util.ArrayList.forEach(ArrayList.java:1511)
	at java.base/java.util.concurrent.FutureTask.run(FutureTask.java:264)
	at java.base/java.util.concurrent.ThreadPoolExecutor.runWorker(ThreadPoolExecutor.java:1136)
	at java.base/java.util.concurrent.ThreadPoolExecutor$Worker.run(ThreadPoolExecutor.java:635)
	at java.base/java.lang.Thread.run(Thread.java:833)
... Removed 23 stack frames</div></td></tr></table><p class="totop"><a href="#summary">back to summary</a></p>
<h3 id="m36">executeClass.ExecuteManageUsersPage#verifyTheAdminCanChangeTheStatusOfSoftWareTesterUser</h3><table class="result"><tr><th>Exception</th></tr><tr><td><div class="stacktrace">org.openqa.selenium.NoSuchElementException: no such element: Unable to locate element: {&quot;method&quot;:&quot;xpath&quot;,&quot;selector&quot;:&quot;(//i[@class=&apos;fa fa-unlock&apos;])[8]&quot;}
  (Session info: MicrosoftEdge=103.0.1264.77)
For documentation on this error, please visit: https://selenium.dev/exceptions/#no_such_element
Build info: version: &apos;4.3.0&apos;, revision: &apos;a4995e2c09*&apos;
System info: host: &apos;DESKTOP-G8IH0JN&apos;, ip: &apos;192.168.1.8&apos;, os.name: &apos;Windows 10&apos;, os.arch: &apos;amd64&apos;, os.version: &apos;10.0&apos;, java.version: &apos;17.0.2&apos;
Driver info: org.openqa.selenium.edge.EdgeDriver
Command: [c778f026712bcb8a88f019f0c93538dc, findElement {using=xpath, value=(//i[@class=&apos;fa fa-unlock&apos;])[8]}]
Capabilities {acceptInsecureCerts: false, browserName: msedge, browserVersion: 103.0.1264.77, ms:edgeOptions: {debuggerAddress: localhost:54610}, msedge: {msedgedriverVersion: 103.0.1264.71 (1f7a1d165042..., userDataDir: C:\Users\JITHIN~1\AppData\L...}, networkConnectionEnabled: false, pageLoadStrategy: normal, platformName: WINDOWS, proxy: Proxy(), se:cdp: ws://localhost:54610/devtoo..., se:cdpVersion: 103.0.1264.77, setWindowRect: true, strictFileInteractability: false, timeouts: {implicit: 0, pageLoad: 300000, script: 30000}, unhandledPromptBehavior: dismiss and notify, webauthn:extension:credBlob: true, webauthn:extension:largeBlob: true, webauthn:virtualAuthenticators: true}
Session ID: c778f026712bcb8a88f019f0c93538dc
	at org.openqa.selenium.remote.codec.w3c.W3CHttpResponseCodec.createException(W3CHttpResponseCodec.java:200)
	at org.openqa.selenium.remote.codec.w3c.W3CHttpResponseCodec.decode(W3CHttpResponseCodec.java:133)
	at org.openqa.selenium.remote.codec.w3c.W3CHttpResponseCodec.decode(W3CHttpResponseCodec.java:53)
	at org.openqa.selenium.remote.HttpCommandExecutor.execute(HttpCommandExecutor.java:184)
	at org.openqa.selenium.remote.service.DriverCommandExecutor.invokeExecute(DriverCommandExecutor.java:167)
	at org.openqa.selenium.remote.service.DriverCommandExecutor.execute(DriverCommandExecutor.java:142)
	at org.openqa.selenium.remote.RemoteWebDriver.execute(RemoteWebDriver.java:569)
	at org.openqa.selenium.remote.ElementLocation$ElementFinder$2.findElement(ElementLocation.java:162)
	at org.openqa.selenium.remote.ElementLocation.findElement(ElementLocation.java:60)
	at org.openqa.selenium.remote.RemoteWebDriver.findElement(RemoteWebDriver.java:387)
	at org.openqa.selenium.remote.RemoteWebDriver.findElement(RemoteWebDriver.java:379)
	at org.openqa.selenium.support.pagefactory.DefaultElementLocator.findElement(DefaultElementLocator.java:70)
	at org.openqa.selenium.support.pagefactory.internal.LocatingElementHandler.invoke(LocatingElementHandler.java:39)
	at jdk.proxy2/jdk.proxy2.$Proxy17.getWrappedElement(Unknown Source)
	at org.openqa.selenium.remote.internal.WebElementToJsonConverter.apply(WebElementToJsonConverter.java:51)
	at java.base/java.util.stream.ReferencePipeline$3$1.accept(ReferencePipeline.java:197)
	at java.base/java.util.Spliterators$ArraySpliterator.forEachRemaining(Spliterators.java:992)
	at java.base/java.util.stream.AbstractPipeline.copyInto(AbstractPipeline.java:509)
	at java.base/java.util.stream.AbstractPipeline.wrapAndCopyInto(AbstractPipeline.java:499)
	at java.base/java.util.stream.ReduceOps$ReduceOp.evaluateSequential(ReduceOps.java:921)
	at java.base/java.util.stream.AbstractPipeline.evaluate(AbstractPipeline.java:234)
	at java.base/java.util.stream.ReferencePipeline.collect(ReferencePipeline.java:682)
	at org.openqa.selenium.remote.RemoteWebDriver.executeScript(RemoteWebDriver.java:500)
	at utility.GeneralUtilities.scrollToFindAnElement(GeneralUtilities.java:52)
	at elementRepository.ManageUsersPage.scrollInToSoftWareTesterStatus(ManageUsersPage.java:106)
	at executeClass.ExecuteManageUsersPage.verifyTheAdminCanChangeTheStatusOfSoftWareTesterUser(ExecuteManageUsersPage.java:82)
	at java.base/java.util.ArrayList.forEach(ArrayList.java:1511)
	at java.base/java.util.concurrent.FutureTask.run(FutureTask.java:264)
	at java.base/java.util.concurrent.ThreadPoolExecutor.runWorker(ThreadPoolExecutor.java:1136)
	at java.base/java.util.concurrent.ThreadPoolExecutor$Worker.run(ThreadPoolExecutor.java:635)
	at java.base/java.lang.Thread.run(Thread.java:833)
... Removed 22 stack frames</div></td></tr></table><p class="totop"><a href="#summary">back to summary</a></p>
<h3 id="m37">executeClass.ExecuteDashBoardPage#dashBoardIsVisibleAfterSuccessfulLogin</h3><table class="result"><tr><th class="invisible"/></tr></table><p class="totop"><a href="#summary">back to summary</a></p>
<h3 id="m38">executeClass.ExecuteDashBoardPage#isManagePageTileVisibleOrNot</h3><table class="result"><tr><th class="invisible"/></tr></table><p class="totop"><a href="#summary">back to summary</a></p>
<h3 id="m39">executeClass.ExecuteDashBoardPage#manageUsersMoreInfoArrowClicableOrNot</h3><table class="result"><tr><th class="invisible"/></tr></table><p class="totop"><a href="#summary">back to summary</a></p>
<h3 id="m40">executeClass.ExecuteLoginPage#isrememberMeCheckBoxSelectedOrNot</h3><table class="result"><tr><th class="invisible"/></tr></table><p class="totop"><a href="#summary">back to summary</a></p>
<h3 id="m41">executeClass.ExecuteLoginPage#verifyLoginPageIsvisibleWhileLaunchingTheApplication</h3><table class="result"><tr><th class="invisible"/></tr></table><p class="totop"><a href="#summary">back to summary</a></p>
<h3 id="m42">executeClass.ExecuteLoginPage#verifyUnsuccessfulLogin</h3><table class="result"><tr class="param"><th>Parameter #1</th><th>Parameter #2</th></tr><tr class="param stripe"><td>admin</td><td>ad12</td></tr></table><p class="totop"><a href="#summary">back to summary</a></p>
<h3 id="m43">executeClass.ExecuteLoginPage#verifyUnsuccessfulLogin</h3><table class="result"><tr class="param"><th>Parameter #1</th><th>Parameter #2</th></tr><tr class="param stripe"><td>adm155</td><td>afrt</td></tr></table><p class="totop"><a href="#summary">back to summary</a></p>
<h3 id="m44">executeClass.ExecuteLoginPage#verifyUnsuccessfulLogin</h3><table class="result"><tr class="param"><th>Parameter #1</th><th>Parameter #2</th></tr><tr class="param stripe"><td>admin123</td><td>admin</td></tr></table><p class="totop"><a href="#summary">back to summary</a></p>
<h3 id="m45">executeClass.ExecuteLoginPage#verifysuccessfulLogin</h3><table class="result"><tr class="param"><th>Parameter #1</th><th>Parameter #2</th></tr><tr class="param stripe"><td>admin</td><td>admin</td></tr></table><p class="totop"><a href="#summary">back to summary</a></p>
<h3 id="m46">executeClass.ExecuteManageExpensePage#verifyExpenseCategoryIsVisibleWhileClickingOnExpenseCategoryUnderManageExpense</h3><table class="result"><tr><th class="invisible"/></tr></table><p class="totop"><a href="#summary">back to summary</a></p>
<h3 id="m47">executeClass.ExecuteManageOrderPage#verifyTheAdminCanSearchAnOrderByUsingOrderId</h3><table class="result"><tr><th class="invisible"/></tr></table><p class="totop"><a href="#summary">back to summary</a></p>
<h3 id="m48">executeClass.ExecuteManageOrderPage#vrifyTheAdminCanViewTheOrderDetailsOfSearchOrder</h3><table class="result"><tr><th class="invisible"/></tr></table><p class="totop"><a href="#summary">back to summary</a></p>
<h3 id="m49">executeClass.ExecuteManageProductPage#verifyListOfProductPageIsDisplayedWhileClickingOnManageProduct</h3><table class="result"><tr><th class="invisible"/></tr></table><p class="totop"><a href="#summary">back to summary</a></p>
<h3 id="m50">executeClass.ExecuteManageProductPage#verifyTheReSetButtonIsWorkingFineOrNot</h3><table class="result"><tr><th class="invisible"/></tr></table><p class="totop"><a href="#summary">back to summary</a></p>
<h3 id="m51">executeClass.ExecuteManageProductPage#verifyTheUserCanDeleteTheCreatedProductOrNot</h3><table class="result"><tr><th class="invisible"/></tr></table><p class="totop"><a href="#summary">back to summary</a></p>
<h3 id="m52">executeClass.ExecuteManageProductPage#verifyTheUserCanNavigateToTheLastPageByClickingOnLastButton</h3><table class="result"><tr><th class="invisible"/></tr></table><p class="totop"><a href="#summary">back to summary</a></p>
<h3 id="m53">executeClass.ExecuteManageProductPage#verifyUserCanAddNewProductOrNot</h3><table class="result"><tr><th class="invisible"/></tr></table><p class="totop"><a href="#summary">back to summary</a></p>
<h3 id="m54">executeClass.ExecuteManageProductPage#verifyUserCanSearchAProductByUsingProductCode</h3><table class="result"><tr><th class="invisible"/></tr></table><p class="totop"><a href="#summary">back to summary</a></p>
<h3 id="m55">executeClass.ExecuteManageUsersPage#verifyTheListUsersPageIsDispalyedWhileClickingOnManageUsers</h3><table class="result"><tr><th class="invisible"/></tr></table><p class="totop"><a href="#summary">back to summary</a></p>
<h3 id="m56">executeClass.ExecuteManageUsersPage#verifyTheUserCanSearchAUserByUsingEmailId</h3><table class="result"><tr><th class="invisible"/></tr></table><p class="totop"><a href="#summary">back to summary</a></p>
<h3 id="m57">executeClass.ExecuteManageUsersPage#verifyUsercnaSearchAUserByUsingName</h3><table class="result"><tr><th class="invisible"/></tr></table><p class="totop"><a href="#summary">back to summary</a></p>
<h3 id="m58">executeClass.ExecuteVerifyUsersPage#verifyListUsersPageIsDisplayedWhileClickingOnVerifyUsers</h3><table class="result"><tr><th class="invisible"/></tr></table><p class="totop"><a href="#summary">back to summary</a></p>
<h3 id="m59">executeClass.ExecuteVerifyUsersPage#verifyTheUserCanSearchAUserByUsingName</h3><table class="result"><tr><th class="invisible"/></tr></table><p class="totop"><a href="#summary">back to summary</a></p>
<h3 id="m60">executeClass.ExecuteVerifyUsersPage#verifyUserCanSearchAUserByUsingPhoneNumber</h3><table class="result"><tr><th class="invisible"/></tr></table><p class="totop"><a href="#summary">back to summary</a></p>
<h3 id="m61">executeClass.executePushNotificationPage#verifyPushNotificationPageIsDisplayedWhileClickingOnPushNotification</h3><table class="result"><tr><th class="invisible"/></tr></table><p class="totop"><a href="#summary">back to summary</a></p>
<h3 id="m62">executeClass.executePushNotificationPage#verifyTheAdminCanSendANotificationSuccessfullyOrNot</h3><table class="result"><tr><th class="invisible"/></tr></table><p class="totop"><a href="#summary">back to summary</a></p>
<h3 id="m63">executeClass.executePushNotificationPage#verifyTheResetButtonIsVisibleOrNot</h3><table class="result"><tr><th class="invisible"/></tr></table><p class="totop"><a href="#summary">back to summary</a></p>
</body>
</html>
