<html>
<head>
<title>TestNG:  Chrome Browser Test</title>
<link href="../testng.css" rel="stylesheet" type="text/css" />
<link href="../my-testng.css" rel="stylesheet" type="text/css" />

<style type="text/css">
.log { display: none;} 
.stack-trace { display: none;} 
</style>
<script type="text/javascript">
<!--
function flip(e) {
  current = e.style.display;
  if (current == 'block') {
    e.style.display = 'none';
    return 0;
  }
  else {
    e.style.display = 'block';
    return 1;
  }
}

function toggleBox(szDivId, elem, msg1, msg2)
{
  var res = -1;  if (document.getElementById) {
    res = flip(document.getElementById(szDivId));
  }
  else if (document.all) {
    // this is the way old msie versions work
    res = flip(document.all[szDivId]);
  }
  if(elem) {
    if(res == 0) elem.innerHTML = msg1; else elem.innerHTML = msg2;
  }

}

function toggleAllBoxes() {
  if (document.getElementsByTagName) {
    d = document.getElementsByTagName('div');
    for (i = 0; i < d.length; i++) {
      if (d[i].className == 'log') {
        flip(d[i]);
      }
    }
  }
}

// -->
</script>

</head>
<body>
<h2 align='center'>Chrome Browser Test</h2><table border='1' align="center">
<tr>
<td>Tests passed/Failed/Skipped:</td><td>30/2/0</td>
</tr><tr>
<td>Started on:</td><td>Fri Aug 05 09:01:17 IST 2022</td>
</tr>
<tr><td>Total time:</td><td>380 seconds (380528 ms)</td>
</tr><tr>
<td>Included groups:</td><td></td>
</tr><tr>
<td>Excluded groups:</td><td></td>
</tr>
</table><p/>
<small><i>(Hover the method name to see the test class name)</i></small><p/>
<table width='100%' border='1' class='invocation-failed'>
<tr><td colspan='4' align='center'><b>FAILED TESTS</b></td></tr>
<tr><td><b>Test method</b></td>
<td><b>Attribute(s)</b></td>
<td width="30%"><b>Exception</b></td>
<td width="10%"><b>Time (seconds)</b></td>
<td><b>Instance</b></td>
</tr>
<tr>
<td title='executeClass.ExecuteManageExpensePage.verifyAdminCanSearchNewlyCreatedOne()'><b>verifyAdminCanSearchNewlyCreatedOne</b><br>Test class: executeClass.ExecuteManageExpensePage</td>
<td><div><pre>java.lang.AssertionError: expected [ Phone] but found [Phone]
	at executeClass.ExecuteManageExpensePage.verifyAdminCanSearchNewlyCreatedOne(ExecuteManageExpensePage.java:67)
	at java.base/java.util.ArrayList.forEach(ArrayList.java:1511)
	at java.base/java.util.concurrent.FutureTask.run(FutureTask.java:264)
	at java.base/java.util.concurrent.ThreadPoolExecutor.runWorker(ThreadPoolExecutor.java:1136)
	at java.base/java.util.concurrent.ThreadPoolExecutor$Worker.run(ThreadPoolExecutor.java:635)
	at java.base/java.lang.Thread.run(Thread.java:833)
... Removed 23 stack frames</pre></div><a href='#' onClick='toggleBox("stack-trace81249135", this, "Click to show all stack frames", "Click to hide stack frames")'>Click to show all stack frames</a>
<div class='stack-trace' id='stack-trace81249135'><pre>java.lang.AssertionError: expected [ Phone] but found [Phone]
	at org.testng.Assert.fail(Assert.java:110)
	at org.testng.Assert.failNotEquals(Assert.java:1413)
	at org.testng.Assert.assertEqualsImpl(Assert.java:149)
	at org.testng.Assert.assertEquals(Assert.java:131)
	at org.testng.Assert.assertEquals(Assert.java:655)
	at org.testng.Assert.assertEquals(Assert.java:665)
	at executeClass.ExecuteManageExpensePage.verifyAdminCanSearchNewlyCreatedOne(ExecuteManageExpensePage.java:67)
	at java.base/jdk.internal.reflect.NativeMethodAccessorImpl.invoke0(Native Method)
	at java.base/jdk.internal.reflect.NativeMethodAccessorImpl.invoke(NativeMethodAccessorImpl.java:77)
	at java.base/jdk.internal.reflect.DelegatingMethodAccessorImpl.invoke(DelegatingMethodAccessorImpl.java:43)
	at java.base/java.lang.reflect.Method.invoke(Method.java:568)
	at org.testng.internal.invokers.MethodInvocationHelper.invokeMethod(MethodInvocationHelper.java:139)
	at org.testng.internal.invokers.TestInvoker.invokeMethod(TestInvoker.java:677)
	at org.testng.internal.invokers.TestInvoker.invokeTestMethod(TestInvoker.java:221)
	at org.testng.internal.invokers.MethodRunner.runInSequence(MethodRunner.java:50)
	at org.testng.internal.invokers.TestInvoker$MethodInvocationAgent.invoke(TestInvoker.java:962)
	at org.testng.internal.invokers.TestInvoker.invokeTestMethods(TestInvoker.java:194)
	at org.testng.internal.invokers.TestMethodWorker.invokeTestMethods(TestMethodWorker.java:148)
	at org.testng.internal.invokers.TestMethodWorker.run(TestMethodWorker.java:128)
	at java.base/java.util.ArrayList.forEach(ArrayList.java:1511)
	at org.testng.TestRunner.privateRun(TestRunner.java:806)
	at org.testng.TestRunner.run(TestRunner.java:601)
	at org.testng.SuiteRunner.runTest(SuiteRunner.java:433)
	at org.testng.SuiteRunner$SuiteWorker.run(SuiteRunner.java:471)
	at org.testng.internal.thread.ThreadUtil.lambda$execute$0(ThreadUtil.java:58)
	at java.base/java.util.concurrent.FutureTask.run(FutureTask.java:264)
	at java.base/java.util.concurrent.ThreadPoolExecutor.runWorker(ThreadPoolExecutor.java:1136)
	at java.base/java.util.concurrent.ThreadPoolExecutor$Worker.run(ThreadPoolExecutor.java:635)
	at java.base/java.lang.Thread.run(Thread.java:833)
</pre></div></td>
<td>4</td>
<td>executeClass.ExecuteManageExpensePage@53fe15ff</td></tr>
<tr>
<td title='executeClass.ExecuteManageUsersPage.verifyTheAdminCanChangeTheStatusOfSoftWareTesterUser()'><b>verifyTheAdminCanChangeTheStatusOfSoftWareTesterUser</b><br>Test class: executeClass.ExecuteManageUsersPage</td>
<td><div><pre>org.openqa.selenium.NoSuchElementException: no such element: Unable to locate element: {&quot;method&quot;:&quot;xpath&quot;,&quot;selector&quot;:&quot;(//i[@class=&apos;fa fa-unlock&apos;])[8]&quot;}
  (Session info: chrome=104.0.5112.80)
For documentation on this error, please visit: https://selenium.dev/exceptions/#no_such_element
Build info: version: &apos;4.3.0&apos;, revision: &apos;a4995e2c09*&apos;
System info: host: &apos;DESKTOP-G8IH0JN&apos;, ip: &apos;192.168.1.8&apos;, os.name: &apos;Windows 10&apos;, os.arch: &apos;amd64&apos;, os.version: &apos;10.0&apos;, java.version: &apos;17.0.2&apos;
Driver info: org.openqa.selenium.chrome.ChromeDriver
Command: [dd99d0aad458db710205e3a7ac900b01, findElement {using=xpath, value=(//i[@class=&apos;fa fa-unlock&apos;])[8]}]
Capabilities {acceptInsecureCerts: false, browserName: chrome, browserVersion: 104.0.5112.80, chrome: {chromedriverVersion: 103.0.5060.134 (8ec6fce403b..., userDataDir: C:\Users\JITHIN~1\AppData\L...}, goog:chromeOptions: {debuggerAddress: localhost:53711}, networkConnectionEnabled: false, pageLoadStrategy: normal, platformName: WINDOWS, proxy: Proxy(), se:cdp: ws://localhost:53711/devtoo..., se:cdpVersion: 104.0.5112.80, setWindowRect: true, strictFileInteractability: false, timeouts: {implicit: 0, pageLoad: 300000, script: 30000}, unhandledPromptBehavior: dismiss and notify, webauthn:extension:credBlob: true, webauthn:extension:largeBlob: true, webauthn:virtualAuthenticators: true}
Session ID: dd99d0aad458db710205e3a7ac900b01
	at org.openqa.selenium.remote.codec.w3c.W3CHttpResponseCodec.createException(W3CHttpResponseCodec.java:200)
	at org.openqa.selenium.remote.codec.w3c.W3CHttpResponseCodec.decode(W3CHttpResponseCodec.java:133)
	at org.openqa.selenium.remote.codec.w3c.W3CHttpResponseCodec.decode(W3CHttpResponseCodec.java:53)
	at org.openqa.selenium.remote.HttpCommandExecutor.execute(HttpCommandExecutor.java:184)
	at org.openqa.selenium.remote.service.DriverCommandExecutor.invokeExecute(DriverCommandExecutor.java:167)
	at org.openqa.selenium.remote.service.DriverCommandExecutor.execute(DriverCommandExecutor.java:142)
	at org.openqa.selenium.remote.RemoteWebDriver.execute(RemoteWebDriver.java:569)
	at org.openqa.selenium.remote.ElementLocation$ElementFinder$2.findElement(ElementLocation.java:162)
	at org.openqa.selenium.remote.ElementLocation.findElement(ElementLocation.java:60)
	at org.openqa.selenium.remote.RemoteWebDriver.findElement(RemoteWebDriver.java:387)
	at org.openqa.selenium.remote.RemoteWebDriver.findElement(RemoteWebDriver.java:379)
	at org.openqa.selenium.support.pagefactory.DefaultElementLocator.findElement(DefaultElementLocator.java:70)
	at org.openqa.selenium.support.pagefactory.internal.LocatingElementHandler.invoke(LocatingElementHandler.java:39)
	at jdk.proxy2/jdk.proxy2.$Proxy17.getWrappedElement(Unknown Source)
	at org.openqa.selenium.remote.internal.WebElementToJsonConverter.apply(WebElementToJsonConverter.java:51)
	at java.base/java.util.stream.ReferencePipeline$3$1.accept(ReferencePipeline.java:197)
	at java.base/java.util.Spliterators$ArraySpliterator.forEachRemaining(Spliterators.java:992)
	at java.base/java.util.stream.AbstractPipeline.copyInto(AbstractPipeline.java:509)
	at java.base/java.util.stream.AbstractPipeline.wrapAndCopyInto(AbstractPipeline.java:499)
	at java.base/java.util.stream.ReduceOps$ReduceOp.evaluateSequential(ReduceOps.java:921)
	at java.base/java.util.stream.AbstractPipeline.evaluate(AbstractPipeline.java:234)
	at java.base/java.util.stream.ReferencePipeline.collect(ReferencePipeline.java:682)
	at org.openqa.selenium.remote.RemoteWebDriver.executeScript(RemoteWebDriver.java:500)
	at utility.GeneralUtilities.scrollToFindAnElement(GeneralUtilities.java:52)
	at elementRepository.ManageUsersPage.scrollInToSoftWareTesterStatus(ManageUsersPage.java:106)
	at executeClass.ExecuteManageUsersPage.verifyTheAdminCanChangeTheStatusOfSoftWareTesterUser(ExecuteManageUsersPage.java:82)
	at java.base/java.util.ArrayList.forEach(ArrayList.java:1511)
	at java.base/java.util.concurrent.FutureTask.run(FutureTask.java:264)
	at java.base/java.util.concurrent.ThreadPoolExecutor.runWorker(ThreadPoolExecutor.java:1136)
	at java.base/java.util.concurrent.ThreadPoolExecutor$Worker.run(ThreadPoolExecutor.java:635)
	at java.base/java.lang.Thread.run(Thread.java:833)
... Removed 22 stack frames</pre></div><a href='#' onClick='toggleBox("stack-trace556963786", this, "Click to show all stack frames", "Click to hide stack frames")'>Click to show all stack frames</a>
<div class='stack-trace' id='stack-trace556963786'><pre>org.openqa.selenium.NoSuchElementException: no such element: Unable to locate element: {&quot;method&quot;:&quot;xpath&quot;,&quot;selector&quot;:&quot;(//i[@class=&apos;fa fa-unlock&apos;])[8]&quot;}
  (Session info: chrome=104.0.5112.80)
For documentation on this error, please visit: https://selenium.dev/exceptions/#no_such_element
Build info: version: &apos;4.3.0&apos;, revision: &apos;a4995e2c09*&apos;
System info: host: &apos;DESKTOP-G8IH0JN&apos;, ip: &apos;192.168.1.8&apos;, os.name: &apos;Windows 10&apos;, os.arch: &apos;amd64&apos;, os.version: &apos;10.0&apos;, java.version: &apos;17.0.2&apos;
Driver info: org.openqa.selenium.chrome.ChromeDriver
Command: [dd99d0aad458db710205e3a7ac900b01, findElement {using=xpath, value=(//i[@class=&apos;fa fa-unlock&apos;])[8]}]
Capabilities {acceptInsecureCerts: false, browserName: chrome, browserVersion: 104.0.5112.80, chrome: {chromedriverVersion: 103.0.5060.134 (8ec6fce403b..., userDataDir: C:\Users\JITHIN~1\AppData\L...}, goog:chromeOptions: {debuggerAddress: localhost:53711}, networkConnectionEnabled: false, pageLoadStrategy: normal, platformName: WINDOWS, proxy: Proxy(), se:cdp: ws://localhost:53711/devtoo..., se:cdpVersion: 104.0.5112.80, setWindowRect: true, strictFileInteractability: false, timeouts: {implicit: 0, pageLoad: 300000, script: 30000}, unhandledPromptBehavior: dismiss and notify, webauthn:extension:credBlob: true, webauthn:extension:largeBlob: true, webauthn:virtualAuthenticators: true}
Session ID: dd99d0aad458db710205e3a7ac900b01
	at java.base/jdk.internal.reflect.NativeConstructorAccessorImpl.newInstance0(Native Method)
	at java.base/jdk.internal.reflect.NativeConstructorAccessorImpl.newInstance(NativeConstructorAccessorImpl.java:77)
	at java.base/jdk.internal.reflect.DelegatingConstructorAccessorImpl.newInstance(DelegatingConstructorAccessorImpl.java:45)
	at java.base/java.lang.reflect.Constructor.newInstanceWithCaller(Constructor.java:499)
	at java.base/java.lang.reflect.Constructor.newInstance(Constructor.java:480)
	at org.openqa.selenium.remote.codec.w3c.W3CHttpResponseCodec.createException(W3CHttpResponseCodec.java:200)
	at org.openqa.selenium.remote.codec.w3c.W3CHttpResponseCodec.decode(W3CHttpResponseCodec.java:133)
	at org.openqa.selenium.remote.codec.w3c.W3CHttpResponseCodec.decode(W3CHttpResponseCodec.java:53)
	at org.openqa.selenium.remote.HttpCommandExecutor.execute(HttpCommandExecutor.java:184)
	at org.openqa.selenium.remote.service.DriverCommandExecutor.invokeExecute(DriverCommandExecutor.java:167)
	at org.openqa.selenium.remote.service.DriverCommandExecutor.execute(DriverCommandExecutor.java:142)
	at org.openqa.selenium.remote.RemoteWebDriver.execute(RemoteWebDriver.java:569)
	at org.openqa.selenium.remote.ElementLocation$ElementFinder$2.findElement(ElementLocation.java:162)
	at org.openqa.selenium.remote.ElementLocation.findElement(ElementLocation.java:60)
	at org.openqa.selenium.remote.RemoteWebDriver.findElement(RemoteWebDriver.java:387)
	at org.openqa.selenium.remote.RemoteWebDriver.findElement(RemoteWebDriver.java:379)
	at org.openqa.selenium.support.pagefactory.DefaultElementLocator.findElement(DefaultElementLocator.java:70)
	at org.openqa.selenium.support.pagefactory.internal.LocatingElementHandler.invoke(LocatingElementHandler.java:39)
	at jdk.proxy2/jdk.proxy2.$Proxy17.getWrappedElement(Unknown Source)
	at org.openqa.selenium.remote.internal.WebElementToJsonConverter.apply(WebElementToJsonConverter.java:51)
	at java.base/java.util.stream.ReferencePipeline$3$1.accept(ReferencePipeline.java:197)
	at java.base/java.util.Spliterators$ArraySpliterator.forEachRemaining(Spliterators.java:992)
	at java.base/java.util.stream.AbstractPipeline.copyInto(AbstractPipeline.java:509)
	at java.base/java.util.stream.AbstractPipeline.wrapAndCopyInto(AbstractPipeline.java:499)
	at java.base/java.util.stream.ReduceOps$ReduceOp.evaluateSequential(ReduceOps.java:921)
	at java.base/java.util.stream.AbstractPipeline.evaluate(AbstractPipeline.java:234)
	at java.base/java.util.stream.ReferencePipeline.collect(ReferencePipeline.java:682)
	at org.openqa.selenium.remote.RemoteWebDriver.executeScript(RemoteWebDriver.java:500)
	at utility.GeneralUtilities.scrollToFindAnElement(GeneralUtilities.java:52)
	at elementRepository.ManageUsersPage.scrollInToSoftWareTesterStatus(ManageUsersPage.java:106)
	at executeClass.ExecuteManageUsersPage.verifyTheAdminCanChangeTheStatusOfSoftWareTesterUser(ExecuteManageUsersPage.java:82)
	at java.base/jdk.internal.reflect.NativeMethodAccessorImpl.invoke0(Native Method)
	at java.base/jdk.internal.reflect.NativeMethodAccessorImpl.invoke(NativeMethodAccessorImpl.java:77)
	at java.base/jdk.internal.reflect.DelegatingMethodAccessorImpl.invoke(DelegatingMethodAccessorImpl.java:43)
	at java.base/java.lang.reflect.Method.invoke(Method.java:568)
	at org.testng.internal.invokers.MethodInvocationHelper.invokeMethod(MethodInvocationHelper.java:139)
	at org.testng.internal.invokers.TestInvoker.invokeMethod(TestInvoker.java:677)
	at org.testng.internal.invokers.TestInvoker.invokeTestMethod(TestInvoker.java:221)
	at org.testng.internal.invokers.MethodRunner.runInSequence(MethodRunner.java:50)
	at org.testng.internal.invokers.TestInvoker$MethodInvocationAgent.invoke(TestInvoker.java:962)
	at org.testng.internal.invokers.TestInvoker.invokeTestMethods(TestInvoker.java:194)
	at org.testng.internal.invokers.TestMethodWorker.invokeTestMethods(TestMethodWorker.java:148)
	at org.testng.internal.invokers.TestMethodWorker.run(TestMethodWorker.java:128)
	at java.base/java.util.ArrayList.forEach(ArrayList.java:1511)
	at org.testng.TestRunner.privateRun(TestRunner.java:806)
	at org.testng.TestRunner.run(TestRunner.java:601)
	at org.testng.SuiteRunner.runTest(SuiteRunner.java:433)
	at org.testng.SuiteRunner$SuiteWorker.run(SuiteRunner.java:471)
	at org.testng.internal.thread.ThreadUtil.lambda$execute$0(ThreadUtil.java:58)
	at java.base/java.util.concurrent.FutureTask.run(FutureTask.java:264)
	at java.base/java.util.concurrent.ThreadPoolExecutor.runWorker(ThreadPoolExecutor.java:1136)
	at java.base/java.util.concurrent.ThreadPoolExecutor$Worker.run(ThreadPoolExecutor.java:635)
	at java.base/java.lang.Thread.run(Thread.java:833)
</pre></div></td>
<td>9</td>
<td>executeClass.ExecuteManageUsersPage@78e4deb0</td></tr>
</table><p>
<table width='100%' border='1' class='invocation-passed'>
<tr><td colspan='4' align='center'><b>PASSED TESTS</b></td></tr>
<tr><td><b>Test method</b></td>
<td><b>Attribute(s)</b></td>
<td width="30%"><b>Exception</b></td>
<td width="10%"><b>Time (seconds)</b></td>
<td><b>Instance</b></td>
</tr>
<tr>
<td title='executeClass.ExecuteVerifyUsersPage.verifyListUsersPageIsDisplayedWhileClickingOnVerifyUsers()'><b>verifyListUsersPageIsDisplayedWhileClickingOnVerifyUsers</b><br>Test class: executeClass.ExecuteVerifyUsersPage</td>
<td></td>
<td>1</td>
<td>executeClass.ExecuteVerifyUsersPage@5b1669c0</td></tr>
<tr>
<td title='executeClass.ExecuteLoginPage.verifyUnsuccessfulLogin()'><b>verifyUnsuccessfulLogin</b><br>Test class: executeClass.ExecuteLoginPage<br>Parameters: admin123, admin</td>
<td></td>
<td>0</td>
<td>executeClass.ExecuteLoginPage@6fdbe764</td></tr>
<tr>
<td title='executeClass.ExecuteManageUsersPage.verifyTheListUsersPageIsDispalyedWhileClickingOnManageUsers()'><b>verifyTheListUsersPageIsDispalyedWhileClickingOnManageUsers</b><br>Test class: executeClass.ExecuteManageUsersPage</td>
<td></td>
<td>2</td>
<td>executeClass.ExecuteManageUsersPage@78e4deb0</td></tr>
<tr>
<td title='executeClass.ExecuteLoginPage.verifyUnsuccessfulLogin()'><b>verifyUnsuccessfulLogin</b><br>Test class: executeClass.ExecuteLoginPage<br>Parameters: adm155, afrt</td>
<td></td>
<td>0</td>
<td>executeClass.ExecuteLoginPage@6fdbe764</td></tr>
<tr>
<td title='executeClass.ExecuteManageProductPage.verifyTheReSetButtonIsWorkingFineOrNot()'><b>verifyTheReSetButtonIsWorkingFineOrNot</b><br>Test class: executeClass.ExecuteManageProductPage</td>
<td></td>
<td>5</td>
<td>executeClass.ExecuteManageProductPage@1530c739</td></tr>
<tr>
<td title='executeClass.ExecuteLoginPage.isrememberMeCheckBoxSelectedOrNot()'><b>isrememberMeCheckBoxSelectedOrNot</b><br>Test class: executeClass.ExecuteLoginPage</td>
<td></td>
<td>0</td>
<td>executeClass.ExecuteLoginPage@6fdbe764</td></tr>
<tr>
<td title='executeClass.ExecuteManageProductPage.verifyTheUserCanNavigateToTheLastPageByClickingOnLastButton()'><b>verifyTheUserCanNavigateToTheLastPageByClickingOnLastButton</b><br>Test class: executeClass.ExecuteManageProductPage</td>
<td></td>
<td>8</td>
<td>executeClass.ExecuteManageProductPage@1530c739</td></tr>
<tr>
<td title='executeClass.executePushNotificationPage.verifyTheAdminCanSendANotificationSuccessfullyOrNot()'><b>verifyTheAdminCanSendANotificationSuccessfullyOrNot</b><br>Test class: executeClass.executePushNotificationPage</td>
<td></td>
<td>3</td>
<td>executeClass.executePushNotificationPage@6e9175d8</td></tr>
<tr>
<td title='executeClass.ExecuteManageProductPage.verifyUserCanAddNewProductOrNot()'><b>verifyUserCanAddNewProductOrNot</b><br>Test class: executeClass.ExecuteManageProductPage</td>
<td></td>
<td>15</td>
<td>executeClass.ExecuteManageProductPage@1530c739</td></tr>
<tr>
<td title='executeClass.ExecuteManageProductPage.verifyListOfProductPageIsDisplayedWhileClickingOnManageProduct()'><b>verifyListOfProductPageIsDisplayedWhileClickingOnManageProduct</b><br>Test class: executeClass.ExecuteManageProductPage</td>
<td></td>
<td>2</td>
<td>executeClass.ExecuteManageProductPage@1530c739</td></tr>
<tr>
<td title='executeClass.ExecuteManageOrderPage.vrifyTheAdminCanViewTheOrderDetailsOfSearchOrder()'><b>vrifyTheAdminCanViewTheOrderDetailsOfSearchOrder</b><br>Test class: executeClass.ExecuteManageOrderPage</td>
<td></td>
<td>7</td>
<td>executeClass.ExecuteManageOrderPage@449a4f23</td></tr>
<tr>
<td title='executeClass.ExecuteManageUsersPage.verifyTheUserCanSearchAUserByUsingEmailId()'><b>verifyTheUserCanSearchAUserByUsingEmailId</b><br>Test class: executeClass.ExecuteManageUsersPage</td>
<td></td>
<td>4</td>
<td>executeClass.ExecuteManageUsersPage@78e4deb0</td></tr>
<tr>
<td title='executeClass.ExecuteVerifyUsersPage.verifyUserCanSearchAUserByUsingPhoneNumber()'><b>verifyUserCanSearchAUserByUsingPhoneNumber</b><br>Test class: executeClass.ExecuteVerifyUsersPage</td>
<td></td>
<td>3</td>
<td>executeClass.ExecuteVerifyUsersPage@5b1669c0</td></tr>
<tr>
<td title='executeClass.ExecuteManageProductPage.verifyUserCanSearchAProductByUsingProductCode()'><b>verifyUserCanSearchAProductByUsingProductCode</b><br>Test class: executeClass.ExecuteManageProductPage</td>
<td></td>
<td>3</td>
<td>executeClass.ExecuteManageProductPage@1530c739</td></tr>
<tr>
<td title='executeClass.ExecuteManageExpensePage.verifyAdminCanEditTheCreatedOnes()'><b>verifyAdminCanEditTheCreatedOnes</b><br>Test class: executeClass.ExecuteManageExpensePage</td>
<td></td>
<td>4</td>
<td>executeClass.ExecuteManageExpensePage@53fe15ff</td></tr>
<tr>
<td title='executeClass.ExecuteManageProductPage.verifyTheUserCanDeleteTheCreatedProductOrNot()'><b>verifyTheUserCanDeleteTheCreatedProductOrNot</b><br>Test class: executeClass.ExecuteManageProductPage</td>
<td></td>
<td>4</td>
<td>executeClass.ExecuteManageProductPage@1530c739</td></tr>
<tr>
<td title='executeClass.executePushNotificationPage.verifyTheResetButtonIsVisibleOrNot()'><b>verifyTheResetButtonIsVisibleOrNot</b><br>Test class: executeClass.executePushNotificationPage</td>
<td></td>
<td>1</td>
<td>executeClass.executePushNotificationPage@6e9175d8</td></tr>
<tr>
<td title='executeClass.executePushNotificationPage.verifyPushNotificationPageIsDisplayedWhileClickingOnPushNotification()'><b>verifyPushNotificationPageIsDisplayedWhileClickingOnPushNotification</b><br>Test class: executeClass.executePushNotificationPage</td>
<td></td>
<td>2</td>
<td>executeClass.executePushNotificationPage@6e9175d8</td></tr>
<tr>
<td title='executeClass.ExecuteManageExpensePage.verifyAdminCanCreateANewExpenseCategory()'><b>verifyAdminCanCreateANewExpenseCategory</b><br>Test class: executeClass.ExecuteManageExpensePage</td>
<td></td>
<td>4</td>
<td>executeClass.ExecuteManageExpensePage@53fe15ff</td></tr>
<tr>
<td title='executeClass.ExecuteManageUsersPage.verifyUsercnaSearchAUserByUsingName()'><b>verifyUsercnaSearchAUserByUsingName</b><br>Test class: executeClass.ExecuteManageUsersPage</td>
<td></td>
<td>3</td>
<td>executeClass.ExecuteManageUsersPage@78e4deb0</td></tr>
<tr>
<td title='executeClass.ExecuteManageExpensePage.verifyAdminCanDeleteTheCreatedOne()'><b>verifyAdminCanDeleteTheCreatedOne</b><br>Test class: executeClass.ExecuteManageExpensePage</td>
<td></td>
<td>3</td>
<td>executeClass.ExecuteManageExpensePage@53fe15ff</td></tr>
<tr>
<td title='executeClass.ExecuteDashBoardPage.isManagePageTileVisibleOrNot()'><b>isManagePageTileVisibleOrNot</b><br>Test class: executeClass.ExecuteDashBoardPage</td>
<td></td>
<td>1</td>
<td>executeClass.ExecuteDashBoardPage@2e8c1c9b</td></tr>
<tr>
<td title='executeClass.ExecuteManageOrderPage.verifyTheAdminCanSearchAnOrderByUsingOrderId()'><b>verifyTheAdminCanSearchAnOrderByUsingOrderId</b><br>Test class: executeClass.ExecuteManageOrderPage</td>
<td></td>
<td>4</td>
<td>executeClass.ExecuteManageOrderPage@449a4f23</td></tr>
<tr>
<td title='executeClass.ExecuteVerifyUsersPage.verifyTheUserCanSearchAUserByUsingName()'><b>verifyTheUserCanSearchAUserByUsingName</b><br>Test class: executeClass.ExecuteVerifyUsersPage</td>
<td></td>
<td>4</td>
<td>executeClass.ExecuteVerifyUsersPage@5b1669c0</td></tr>
<tr>
<td title='executeClass.ExecuteDashBoardPage.manageUsersMoreInfoArrowClicableOrNot()'><b>manageUsersMoreInfoArrowClicableOrNot</b><br>Test class: executeClass.ExecuteDashBoardPage</td>
<td></td>
<td>2</td>
<td>executeClass.ExecuteDashBoardPage@2e8c1c9b</td></tr>
<tr>
<td title='executeClass.ExecuteLoginPage.verifyUnsuccessfulLogin()'><b>verifyUnsuccessfulLogin</b><br>Test class: executeClass.ExecuteLoginPage<br>Parameters: admin, ad12</td>
<td></td>
<td>1</td>
<td>executeClass.ExecuteLoginPage@6fdbe764</td></tr>
<tr>
<td title='executeClass.ExecuteDashBoardPage.dashBoardIsVisibleAfterSuccessfulLogin()'><b>dashBoardIsVisibleAfterSuccessfulLogin</b><br>Test class: executeClass.ExecuteDashBoardPage</td>
<td></td>
<td>4</td>
<td>executeClass.ExecuteDashBoardPage@2e8c1c9b</td></tr>
<tr>
<td title='executeClass.ExecuteLoginPage.verifyLoginPageIsvisibleWhileLaunchingTheApplication()'><b>verifyLoginPageIsvisibleWhileLaunchingTheApplication</b><br>Test class: executeClass.ExecuteLoginPage</td>
<td></td>
<td>0</td>
<td>executeClass.ExecuteLoginPage@6fdbe764</td></tr>
<tr>
<td title='executeClass.ExecuteManageExpensePage.verifyExpenseCategoryIsVisibleWhileClickingOnExpenseCategoryUnderManageExpense()'><b>verifyExpenseCategoryIsVisibleWhileClickingOnExpenseCategoryUnderManageExpense</b><br>Test class: executeClass.ExecuteManageExpensePage</td>
<td></td>
<td>2</td>
<td>executeClass.ExecuteManageExpensePage@53fe15ff</td></tr>
<tr>
<td title='executeClass.ExecuteLoginPage.verifysuccessfulLogin()'><b>verifysuccessfulLogin</b><br>Test class: executeClass.ExecuteLoginPage<br>Parameters: admin, admin</td>
<td></td>
<td>1</td>
<td>executeClass.ExecuteLoginPage@6fdbe764</td></tr>
</table><p>
</body>
</html>